<?xml version="1.0" encoding="UTF-8"?>
<testsuite xmlns:xsi="http://www.w3.org/2001/XMLSchema-instance" xsi:noNamespaceSchemaLocation="https://maven.apache.org/surefire/maven-surefire-plugin/xsd/surefire-test-report-3.0.xsd" version="3.0" name="TestSuite" time="155.044" tests="9" errors="0" skipped="0" failures="1">
  <properties>
    <property name="sun.desktop" value="windows"/>
    <property name="awt.toolkit" value="sun.awt.windows.WToolkit"/>
    <property name="file.encoding.pkg" value="sun.io"/>
    <property name="java.specification.version" value="1.8"/>
    <property name="webdriver.chrome.driver" value="C:\Users\MARCO\.cache\selenium\chromedriver\win32\107.0.5304.62\chromedriver.exe"/>
    <property name="sun.cpu.isalist" value="amd64"/>
    <property name="sun.jnu.encoding" value="Cp1252"/>
    <property name="java.class.path" value="D:\Banco Fassil\Practica Selenium\target\test-classes;D:\Banco Fassil\Practica Selenium\target\classes;C:\Users\MARCO\.m2\repository\io\cucumber\cucumber-java\5.7.0\cucumber-java-5.7.0.jar;C:\Users\MARCO\.m2\repository\io\cucumber\cucumber-core\5.7.0\cucumber-core-5.7.0.jar;C:\Users\MARCO\.m2\repository\io\cucumber\cucumber-gherkin\5.7.0\cucumber-gherkin-5.7.0.jar;C:\Users\MARCO\.m2\repository\io\cucumber\cucumber-gherkin-vintage\5.7.0\cucumber-gherkin-vintage-5.7.0.jar;C:\Users\MARCO\.m2\repository\io\cucumber\tag-expressions\2.0.4\tag-expressions-2.0.4.jar;C:\Users\MARCO\.m2\repository\io\cucumber\cucumber-expressions\8.3.1\cucumber-expressions-8.3.1.jar;C:\Users\MARCO\.m2\repository\io\cucumber\datatable\3.3.1\datatable-3.3.1.jar;C:\Users\MARCO\.m2\repository\io\cucumber\cucumber-plugin\5.7.0\cucumber-plugin-5.7.0.jar;C:\Users\MARCO\.m2\repository\io\cucumber\docstring\5.7.0\docstring-5.7.0.jar;C:\Users\MARCO\.m2\repository\org\apiguardian\apiguardian-api\1.1.0\apiguardian-api-1.1.0.jar;C:\Users\MARCO\.m2\repository\org\seleniumhq\selenium\selenium-java\3.141.59\selenium-java-3.141.59.jar;C:\Users\MARCO\.m2\repository\org\seleniumhq\selenium\selenium-api\3.141.59\selenium-api-3.141.59.jar;C:\Users\MARCO\.m2\repository\org\seleniumhq\selenium\selenium-chrome-driver\3.141.59\selenium-chrome-driver-3.141.59.jar;C:\Users\MARCO\.m2\repository\org\seleniumhq\selenium\selenium-edge-driver\3.141.59\selenium-edge-driver-3.141.59.jar;C:\Users\MARCO\.m2\repository\org\seleniumhq\selenium\selenium-firefox-driver\3.141.59\selenium-firefox-driver-3.141.59.jar;C:\Users\MARCO\.m2\repository\org\seleniumhq\selenium\selenium-ie-driver\3.141.59\selenium-ie-driver-3.141.59.jar;C:\Users\MARCO\.m2\repository\org\seleniumhq\selenium\selenium-opera-driver\3.141.59\selenium-opera-driver-3.141.59.jar;C:\Users\MARCO\.m2\repository\org\seleniumhq\selenium\selenium-remote-driver\3.141.59\selenium-remote-driver-3.141.59.jar;C:\Users\MARCO\.m2\repository\org\seleniumhq\selenium\selenium-safari-driver\3.141.59\selenium-safari-driver-3.141.59.jar;C:\Users\MARCO\.m2\repository\org\seleniumhq\selenium\selenium-support\3.141.59\selenium-support-3.141.59.jar;C:\Users\MARCO\.m2\repository\net\bytebuddy\byte-buddy\1.8.15\byte-buddy-1.8.15.jar;C:\Users\MARCO\.m2\repository\org\apache\commons\commons-exec\1.3\commons-exec-1.3.jar;C:\Users\MARCO\.m2\repository\com\google\guava\guava\25.0-jre\guava-25.0-jre.jar;C:\Users\MARCO\.m2\repository\com\google\code\findbugs\jsr305\1.3.9\jsr305-1.3.9.jar;C:\Users\MARCO\.m2\repository\org\checkerframework\checker-compat-qual\2.0.0\checker-compat-qual-2.0.0.jar;C:\Users\MARCO\.m2\repository\com\google\errorprone\error_prone_annotations\2.1.3\error_prone_annotations-2.1.3.jar;C:\Users\MARCO\.m2\repository\com\google\j2objc\j2objc-annotations\1.1\j2objc-annotations-1.1.jar;C:\Users\MARCO\.m2\repository\org\codehaus\mojo\animal-sniffer-annotations\1.14\animal-sniffer-annotations-1.14.jar;C:\Users\MARCO\.m2\repository\com\squareup\okhttp3\okhttp\3.11.0\okhttp-3.11.0.jar;C:\Users\MARCO\.m2\repository\com\squareup\okio\okio\1.14.0\okio-1.14.0.jar;C:\Users\MARCO\.m2\repository\io\cucumber\cucumber-junit\7.3.4\cucumber-junit-7.3.4.jar;C:\Users\MARCO\.m2\repository\junit\junit\4.13.2\junit-4.13.2.jar;C:\Users\MARCO\.m2\repository\org\hamcrest\hamcrest-core\1.3\hamcrest-core-1.3.jar;C:\Users\MARCO\.m2\repository\io\cucumber\cucumber-testng\5.7.0\cucumber-testng-5.7.0.jar;C:\Users\MARCO\.m2\repository\org\testng\testng\7.1.0\testng-7.1.0.jar;C:\Users\MARCO\.m2\repository\com\beust\jcommander\1.72\jcommander-1.72.jar;C:\Users\MARCO\.m2\repository\com\google\inject\guice\4.1.0\guice-4.1.0-no_aop.jar;C:\Users\MARCO\.m2\repository\javax\inject\javax.inject\1\javax.inject-1.jar;C:\Users\MARCO\.m2\repository\aopalliance\aopalliance\1.0\aopalliance-1.0.jar;C:\Users\MARCO\.m2\repository\org\yaml\snakeyaml\1.21\snakeyaml-1.21.jar;C:\Users\MARCO\.m2\repository\io\github\bonigarcia\webdrivermanager\5.2.0\webdrivermanager-5.2.0.jar;C:\Users\MARCO\.m2\repository\org\slf4j\slf4j-api\1.7.36\slf4j-api-1.7.36.jar;C:\Users\MARCO\.m2\repository\com\google\code\gson\gson\2.9.0\gson-2.9.0.jar;C:\Users\MARCO\.m2\repository\com\github\docker-java\docker-java\3.2.13\docker-java-3.2.13.jar;C:\Users\MARCO\.m2\repository\com\github\docker-java\docker-java-core\3.2.13\docker-java-core-3.2.13.jar;C:\Users\MARCO\.m2\repository\com\github\docker-java\docker-java-api\3.2.13\docker-java-api-3.2.13.jar;C:\Users\MARCO\.m2\repository\commons-io\commons-io\2.6\commons-io-2.6.jar;C:\Users\MARCO\.m2\repository\org\apache\commons\commons-compress\1.21\commons-compress-1.21.jar;C:\Users\MARCO\.m2\repository\org\bouncycastle\bcpkix-jdk15on\1.64\bcpkix-jdk15on-1.64.jar;C:\Users\MARCO\.m2\repository\org\bouncycastle\bcprov-jdk15on\1.64\bcprov-jdk15on-1.64.jar;C:\Users\MARCO\.m2\repository\org\slf4j\jcl-over-slf4j\1.7.30\jcl-over-slf4j-1.7.30.jar;C:\Users\MARCO\.m2\repository\com\github\docker-java\docker-java-transport-httpclient5\3.2.13\docker-java-transport-httpclient5-3.2.13.jar;C:\Users\MARCO\.m2\repository\com\github\docker-java\docker-java-transport\3.2.13\docker-java-transport-3.2.13.jar;C:\Users\MARCO\.m2\repository\net\java\dev\jna\jna\5.8.0\jna-5.8.0.jar;C:\Users\MARCO\.m2\repository\org\brotli\dec\0.1.2\dec-0.1.2.jar;C:\Users\MARCO\.m2\repository\org\apache\commons\commons-lang3\3.12.0\commons-lang3-3.12.0.jar;C:\Users\MARCO\.m2\repository\org\apache\httpcomponents\client5\httpclient5\5.1.3\httpclient5-5.1.3.jar;C:\Users\MARCO\.m2\repository\org\apache\httpcomponents\core5\httpcore5\5.1.3\httpcore5-5.1.3.jar;C:\Users\MARCO\.m2\repository\org\apache\httpcomponents\core5\httpcore5-h2\5.1.3\httpcore5-h2-5.1.3.jar;C:\Users\MARCO\.m2\repository\commons-codec\commons-codec\1.15\commons-codec-1.15.jar;C:\Users\MARCO\.m2\repository\org\hamcrest\hamcrest\2.2\hamcrest-2.2.jar;C:\Users\MARCO\.m2\repository\io\qameta\allure\allure-cucumber5-jvm\2.14.0\allure-cucumber5-jvm-2.14.0.jar;C:\Users\MARCO\.m2\repository\io\qameta\allure\allure-java-commons\2.14.0\allure-java-commons-2.14.0.jar;C:\Users\MARCO\.m2\repository\io\qameta\allure\allure-model\2.14.0\allure-model-2.14.0.jar;C:\Users\MARCO\.m2\repository\com\fasterxml\jackson\core\jackson-databind\2.12.3\jackson-databind-2.12.3.jar;C:\Users\MARCO\.m2\repository\com\fasterxml\jackson\core\jackson-annotations\2.12.3\jackson-annotations-2.12.3.jar;C:\Users\MARCO\.m2\repository\com\fasterxml\jackson\core\jackson-core\2.12.3\jackson-core-2.12.3.jar;C:\Users\MARCO\.m2\repository\org\apache\tika\tika-core\1.26\tika-core-1.26.jar;C:\Users\MARCO\.m2\repository\org\jooq\joor-java-8\0.9.14\joor-java-8-0.9.14.jar;C:\Users\MARCO\.m2\repository\io\cucumber\gherkin\5.1.0\gherkin-5.1.0.jar;C:\Users\MARCO\.m2\repository\io\cucumber\gherkin-jvm-deps\1.0.4\gherkin-jvm-deps-1.0.4.jar;C:\Users\MARCO\.m2\repository\org\jetbrains\annotations\23.0.0\annotations-23.0.0.jar;"/>
    <property name="java.vm.vendor" value="Oracle Corporation"/>
    <property name="sun.arch.data.model" value="64"/>
    <property name="user.variant" value=""/>
    <property name="java.vendor.url" value="http://java.oracle.com/"/>
    <property name="user.timezone" value="America/La_Paz"/>
    <property name="java.vm.specification.version" value="1.8"/>
    <property name="os.name" value="Windows 8.1"/>
    <property name="user.country" value="ES"/>
    <property name="sun.java.launcher" value="SUN_STANDARD"/>
    <property name="sun.boot.library.path" value="C:\Program Files\Java\jdk1.8.0_31\jre\bin"/>
    <property name="sun.java.command" value="C:\Users\MARCO\AppData\Local\Temp\surefire2099859154717306501\surefirebooter1554682732542457750.jar C:\Users\MARCO\AppData\Local\Temp\surefire2099859154717306501 2022-11-06T21-43-36_587-jvmRun1 surefire1901805525649997995tmp surefire_07370068460554972887tmp"/>
    <property name="surefire.test.class.path" value="D:\Banco Fassil\Practica Selenium\target\test-classes;D:\Banco Fassil\Practica Selenium\target\classes;C:\Users\MARCO\.m2\repository\io\cucumber\cucumber-java\5.7.0\cucumber-java-5.7.0.jar;C:\Users\MARCO\.m2\repository\io\cucumber\cucumber-core\5.7.0\cucumber-core-5.7.0.jar;C:\Users\MARCO\.m2\repository\io\cucumber\cucumber-gherkin\5.7.0\cucumber-gherkin-5.7.0.jar;C:\Users\MARCO\.m2\repository\io\cucumber\cucumber-gherkin-vintage\5.7.0\cucumber-gherkin-vintage-5.7.0.jar;C:\Users\MARCO\.m2\repository\io\cucumber\tag-expressions\2.0.4\tag-expressions-2.0.4.jar;C:\Users\MARCO\.m2\repository\io\cucumber\cucumber-expressions\8.3.1\cucumber-expressions-8.3.1.jar;C:\Users\MARCO\.m2\repository\io\cucumber\datatable\3.3.1\datatable-3.3.1.jar;C:\Users\MARCO\.m2\repository\io\cucumber\cucumber-plugin\5.7.0\cucumber-plugin-5.7.0.jar;C:\Users\MARCO\.m2\repository\io\cucumber\docstring\5.7.0\docstring-5.7.0.jar;C:\Users\MARCO\.m2\repository\org\apiguardian\apiguardian-api\1.1.0\apiguardian-api-1.1.0.jar;C:\Users\MARCO\.m2\repository\org\seleniumhq\selenium\selenium-java\3.141.59\selenium-java-3.141.59.jar;C:\Users\MARCO\.m2\repository\org\seleniumhq\selenium\selenium-api\3.141.59\selenium-api-3.141.59.jar;C:\Users\MARCO\.m2\repository\org\seleniumhq\selenium\selenium-chrome-driver\3.141.59\selenium-chrome-driver-3.141.59.jar;C:\Users\MARCO\.m2\repository\org\seleniumhq\selenium\selenium-edge-driver\3.141.59\selenium-edge-driver-3.141.59.jar;C:\Users\MARCO\.m2\repository\org\seleniumhq\selenium\selenium-firefox-driver\3.141.59\selenium-firefox-driver-3.141.59.jar;C:\Users\MARCO\.m2\repository\org\seleniumhq\selenium\selenium-ie-driver\3.141.59\selenium-ie-driver-3.141.59.jar;C:\Users\MARCO\.m2\repository\org\seleniumhq\selenium\selenium-opera-driver\3.141.59\selenium-opera-driver-3.141.59.jar;C:\Users\MARCO\.m2\repository\org\seleniumhq\selenium\selenium-remote-driver\3.141.59\selenium-remote-driver-3.141.59.jar;C:\Users\MARCO\.m2\repository\org\seleniumhq\selenium\selenium-safari-driver\3.141.59\selenium-safari-driver-3.141.59.jar;C:\Users\MARCO\.m2\repository\org\seleniumhq\selenium\selenium-support\3.141.59\selenium-support-3.141.59.jar;C:\Users\MARCO\.m2\repository\net\bytebuddy\byte-buddy\1.8.15\byte-buddy-1.8.15.jar;C:\Users\MARCO\.m2\repository\org\apache\commons\commons-exec\1.3\commons-exec-1.3.jar;C:\Users\MARCO\.m2\repository\com\google\guava\guava\25.0-jre\guava-25.0-jre.jar;C:\Users\MARCO\.m2\repository\com\google\code\findbugs\jsr305\1.3.9\jsr305-1.3.9.jar;C:\Users\MARCO\.m2\repository\org\checkerframework\checker-compat-qual\2.0.0\checker-compat-qual-2.0.0.jar;C:\Users\MARCO\.m2\repository\com\google\errorprone\error_prone_annotations\2.1.3\error_prone_annotations-2.1.3.jar;C:\Users\MARCO\.m2\repository\com\google\j2objc\j2objc-annotations\1.1\j2objc-annotations-1.1.jar;C:\Users\MARCO\.m2\repository\org\codehaus\mojo\animal-sniffer-annotations\1.14\animal-sniffer-annotations-1.14.jar;C:\Users\MARCO\.m2\repository\com\squareup\okhttp3\okhttp\3.11.0\okhttp-3.11.0.jar;C:\Users\MARCO\.m2\repository\com\squareup\okio\okio\1.14.0\okio-1.14.0.jar;C:\Users\MARCO\.m2\repository\io\cucumber\cucumber-junit\7.3.4\cucumber-junit-7.3.4.jar;C:\Users\MARCO\.m2\repository\junit\junit\4.13.2\junit-4.13.2.jar;C:\Users\MARCO\.m2\repository\org\hamcrest\hamcrest-core\1.3\hamcrest-core-1.3.jar;C:\Users\MARCO\.m2\repository\io\cucumber\cucumber-testng\5.7.0\cucumber-testng-5.7.0.jar;C:\Users\MARCO\.m2\repository\org\testng\testng\7.1.0\testng-7.1.0.jar;C:\Users\MARCO\.m2\repository\com\beust\jcommander\1.72\jcommander-1.72.jar;C:\Users\MARCO\.m2\repository\com\google\inject\guice\4.1.0\guice-4.1.0-no_aop.jar;C:\Users\MARCO\.m2\repository\javax\inject\javax.inject\1\javax.inject-1.jar;C:\Users\MARCO\.m2\repository\aopalliance\aopalliance\1.0\aopalliance-1.0.jar;C:\Users\MARCO\.m2\repository\org\yaml\snakeyaml\1.21\snakeyaml-1.21.jar;C:\Users\MARCO\.m2\repository\io\github\bonigarcia\webdrivermanager\5.2.0\webdrivermanager-5.2.0.jar;C:\Users\MARCO\.m2\repository\org\slf4j\slf4j-api\1.7.36\slf4j-api-1.7.36.jar;C:\Users\MARCO\.m2\repository\com\google\code\gson\gson\2.9.0\gson-2.9.0.jar;C:\Users\MARCO\.m2\repository\com\github\docker-java\docker-java\3.2.13\docker-java-3.2.13.jar;C:\Users\MARCO\.m2\repository\com\github\docker-java\docker-java-core\3.2.13\docker-java-core-3.2.13.jar;C:\Users\MARCO\.m2\repository\com\github\docker-java\docker-java-api\3.2.13\docker-java-api-3.2.13.jar;C:\Users\MARCO\.m2\repository\commons-io\commons-io\2.6\commons-io-2.6.jar;C:\Users\MARCO\.m2\repository\org\apache\commons\commons-compress\1.21\commons-compress-1.21.jar;C:\Users\MARCO\.m2\repository\org\bouncycastle\bcpkix-jdk15on\1.64\bcpkix-jdk15on-1.64.jar;C:\Users\MARCO\.m2\repository\org\bouncycastle\bcprov-jdk15on\1.64\bcprov-jdk15on-1.64.jar;C:\Users\MARCO\.m2\repository\org\slf4j\jcl-over-slf4j\1.7.30\jcl-over-slf4j-1.7.30.jar;C:\Users\MARCO\.m2\repository\com\github\docker-java\docker-java-transport-httpclient5\3.2.13\docker-java-transport-httpclient5-3.2.13.jar;C:\Users\MARCO\.m2\repository\com\github\docker-java\docker-java-transport\3.2.13\docker-java-transport-3.2.13.jar;C:\Users\MARCO\.m2\repository\net\java\dev\jna\jna\5.8.0\jna-5.8.0.jar;C:\Users\MARCO\.m2\repository\org\brotli\dec\0.1.2\dec-0.1.2.jar;C:\Users\MARCO\.m2\repository\org\apache\commons\commons-lang3\3.12.0\commons-lang3-3.12.0.jar;C:\Users\MARCO\.m2\repository\org\apache\httpcomponents\client5\httpclient5\5.1.3\httpclient5-5.1.3.jar;C:\Users\MARCO\.m2\repository\org\apache\httpcomponents\core5\httpcore5\5.1.3\httpcore5-5.1.3.jar;C:\Users\MARCO\.m2\repository\org\apache\httpcomponents\core5\httpcore5-h2\5.1.3\httpcore5-h2-5.1.3.jar;C:\Users\MARCO\.m2\repository\commons-codec\commons-codec\1.15\commons-codec-1.15.jar;C:\Users\MARCO\.m2\repository\org\hamcrest\hamcrest\2.2\hamcrest-2.2.jar;C:\Users\MARCO\.m2\repository\io\qameta\allure\allure-cucumber5-jvm\2.14.0\allure-cucumber5-jvm-2.14.0.jar;C:\Users\MARCO\.m2\repository\io\qameta\allure\allure-java-commons\2.14.0\allure-java-commons-2.14.0.jar;C:\Users\MARCO\.m2\repository\io\qameta\allure\allure-model\2.14.0\allure-model-2.14.0.jar;C:\Users\MARCO\.m2\repository\com\fasterxml\jackson\core\jackson-databind\2.12.3\jackson-databind-2.12.3.jar;C:\Users\MARCO\.m2\repository\com\fasterxml\jackson\core\jackson-annotations\2.12.3\jackson-annotations-2.12.3.jar;C:\Users\MARCO\.m2\repository\com\fasterxml\jackson\core\jackson-core\2.12.3\jackson-core-2.12.3.jar;C:\Users\MARCO\.m2\repository\org\apache\tika\tika-core\1.26\tika-core-1.26.jar;C:\Users\MARCO\.m2\repository\org\jooq\joor-java-8\0.9.14\joor-java-8-0.9.14.jar;C:\Users\MARCO\.m2\repository\io\cucumber\gherkin\5.1.0\gherkin-5.1.0.jar;C:\Users\MARCO\.m2\repository\io\cucumber\gherkin-jvm-deps\1.0.4\gherkin-jvm-deps-1.0.4.jar;C:\Users\MARCO\.m2\repository\org\jetbrains\annotations\23.0.0\annotations-23.0.0.jar;"/>
    <property name="sun.cpu.endian" value="little"/>
    <property name="user.home" value="C:\Users\MARCO"/>
    <property name="user.language" value="es"/>
    <property name="java.specification.vendor" value="Oracle Corporation"/>
    <property name="java.home" value="C:\Program Files\Java\jdk1.8.0_31\jre"/>
    <property name="basedir" value="D:\Banco Fassil\Practica Selenium"/>
    <property name="file.separator" value="\"/>
    <property name="line.separator" value="&#10;"/>
    <property name="java.vm.specification.vendor" value="Oracle Corporation"/>
    <property name="java.specification.name" value="Java Platform API Specification"/>
    <property name="java.awt.graphicsenv" value="sun.awt.Win32GraphicsEnvironment"/>
    <property name="surefire.real.class.path" value="C:\Users\MARCO\AppData\Local\Temp\surefire2099859154717306501\surefirebooter1554682732542457750.jar;C:\Users\MARCO\.m2\repository/org/aspectj/aspectjweaver/1.9.6/aspectjweaver-1.9.6.jar"/>
    <property name="sun.boot.class.path" value="C:\Program Files\Java\jdk1.8.0_31\jre\lib\resources.jar;C:\Program Files\Java\jdk1.8.0_31\jre\lib\rt.jar;C:\Program Files\Java\jdk1.8.0_31\jre\lib\sunrsasign.jar;C:\Program Files\Java\jdk1.8.0_31\jre\lib\jsse.jar;C:\Program Files\Java\jdk1.8.0_31\jre\lib\jce.jar;C:\Program Files\Java\jdk1.8.0_31\jre\lib\charsets.jar;C:\Program Files\Java\jdk1.8.0_31\jre\lib\jfr.jar;C:\Program Files\Java\jdk1.8.0_31\jre\classes"/>
    <property name="user.script" value=""/>
    <property name="sun.management.compiler" value="HotSpot 64-Bit Tiered Compilers"/>
    <property name="java.runtime.version" value="1.8.0_31-b13"/>
    <property name="webdriver.edge.driver" value="C:\Users\MARCO\.cache\selenium\msedgedriver\win64\107.0.1418.35\msedgedriver.exe"/>
    <property name="user.name" value="MARCO"/>
    <property name="path.separator" value=";"/>
    <property name="os.version" value="6.3"/>
    <property name="java.endorsed.dirs" value="C:\Program Files\Java\jdk1.8.0_31\jre\lib\endorsed"/>
    <property name="java.runtime.name" value="Java(TM) SE Runtime Environment"/>
    <property name="file.encoding" value="Cp1252"/>
    <property name="java.vm.name" value="Java HotSpot(TM) 64-Bit Server VM"/>
    <property name="localRepository" value="C:\Users\MARCO\.m2\repository"/>
    <property name="cucumber.options" value="--plugin io.qameta.allure.cucumber5jvm.AllureCucumber5Jvm"/>
    <property name="java.vendor.url.bug" value="http://bugreport.sun.com/bugreport/"/>
    <property name="java.io.tmpdir" value="C:\Users\MARCO\AppData\Local\Temp\"/>
    <property name="java.version" value="1.8.0_31"/>
    <property name="user.dir" value="D:\Banco Fassil\Practica Selenium"/>
    <property name="os.arch" value="amd64"/>
    <property name="webdriver.gecko.driver" value="C:\Users\MARCO\.cache\selenium\geckodriver\win64\0.32.0-win\geckodriver.exe"/>
    <property name="java.vm.specification.name" value="Java Virtual Machine Specification"/>
    <property name="java.awt.printerjob" value="sun.awt.windows.WPrinterJob"/>
    <property name="sun.os.patch.level" value=""/>
    <property name="java.library.path" value="C:\Program Files\Java\jdk1.8.0_31\jre\bin;C:\Windows\Sun\Java\bin;C:\Windows\system32;C:\Windows;C:\Program Files\Common Files\Oracle\Java\javapath;C:\Program Files\apache-maven-3.8.6-bin\apache-maven-3.8.6\bin;C:\Program Files\Java\jdk1.8.0_31\bin;C:\ProgramData\Oracle\Java\javapath;C:\Program Files\Microsoft MPI\Bin\;C:\Windows\system32;C:\Windows;C:\Windows\System32\Wbem;C:\Windows\System32\WindowsPowerShell\v1.0\;C:\Windows\System32\OpenSSH\;C:\Program Files\nodejs\;C:\Program Files\k6\;C:\Program Files\Microsoft SQL Server\Client SDK\ODBC\130\Tools\Binn\;C:\Program Files (x86)\Microsoft SQL Server\140\Tools\Binn\;C:\Program Files\Microsoft SQL Server\140\Tools\Binn\;C:\Program Files\Microsoft SQL Server\140\DTS\Binn\;C:\Program Files (x86)\Microsoft SQL Server\140\DTS\Binn\;C:\Program Files\Git\cmd;C:\Program Files (x86)\Microsoft SQL Server\Client SDK\ODBC\130\Tools\Binn\;C:\Program Files (x86)\Microsoft SQL Server\140\Tools\Binn\ManagementStudio\;C:\Program Files\dotnet\;C:\Program Files\Microsoft SQL Server\130\Tools\Binn\;C:\Program Files\Microsoft SQL Server\Client SDK\ODBC\170\Tools\Binn\;C:\Users\MARCO\AppData\Local\Android\Sdk\platform-tools;C:\Users\MARCO\AppData\Local\Android\Sdk\emulator;C:\Users\MARCO\scoop\shims;C:\Users\MARCO\AppData\Local\Microsoft\WindowsApps;C:\Users\MARCO\AppData\Local\Programs\Microsoft VS Code\bin;C:\Users\MARCO\AppData\Roaming\npm;C:\Users\MARCO\AppData\Local\gitkraken\bin;C:\Users\MARCO\.dotnet\tools;C:\Users\MARCO\scoop\apps\allure\current;;."/>
    <property name="java.vm.info" value="mixed mode"/>
    <property name="java.vendor" value="Oracle Corporation"/>
    <property name="java.vm.version" value="25.31-b07"/>
    <property name="java.ext.dirs" value="C:\Program Files\Java\jdk1.8.0_31\jre\lib\ext;C:\Windows\Sun\Java\lib\ext"/>
    <property name="sun.io.unicode.encoding" value="UnicodeLittle"/>
    <property name="java.class.version" value="52.0"/>
  </properties>
  <testcase name="runScenario[&quot;Comprar solo un producto&quot;, &quot;Comprar articulo con una tarjeta de Credito&quot;](1)" classname="Support.runTest" time="26.032">
    <system-err><![CDATA[nov 06, 2022 9:43:38 PM io.cucumber.core.options.CucumberPropertiesParser parse
ADVERTENCIA: Passing commandline options via the property `cucumber.options` has been deprecatedin favour of explicitly using property names.
Please use these instead: [cucumber.ansi-colors.disabled, cucumber.execution.dry-run, cucumber.execution.limit, cucumber.execution.order, cucumber.execution.strict, cucumber.execution.wip, cucumber.features, cucumber.filter.name, cucumber.filter.tags, cucumber.glue, cucumber.object-factory, cucumber.plugin, cucumber.snippet-type]
nov 06, 2022 9:43:38 PM io.cucumber.core.options.CucumberPropertiesParser parse
ADVERTENCIA: Passing commandline options via the property `cucumber.options` has been deprecatedin favour of explicitly using property names.
Please use these instead: [cucumber.ansi-colors.disabled, cucumber.execution.dry-run, cucumber.execution.limit, cucumber.execution.order, cucumber.execution.strict, cucumber.execution.wip, cucumber.features, cucumber.filter.name, cucumber.filter.tags, cucumber.glue, cucumber.object-factory, cucumber.plugin, cucumber.snippet-type]
nov 06, 2022 9:43:38 PM io.cucumber.testng.TestNGCucumberRunner <init>
ADVERTENCIA: By default Cucumber is running in --non-strict mode.
This default will change to --strict and --non-strict will be removed.
You can use --strict or @CucumberOptions(strict = true) to suppress this warning
nov 06, 2022 9:43:38 PM io.cucumber.testng.TestNGCucumberRunner <init>
ADVERTENCIA: By default Cucumber is running in --non-strict mode.
This default will change to --strict and --non-strict will be removed.
You can use --strict or @CucumberOptions(strict = true) to suppress this warning
SLF4J: Failed to load class "org.slf4j.impl.StaticLoggerBinder".
SLF4J: Defaulting to no-operation (NOP) logger implementation
SLF4J: See http://www.slf4j.org/codes.html#StaticLoggerBinder for further details.
Starting ChromeDriver 107.0.5304.62 (1eec40d3a5764881c92085aaee66d25075c159aa-refs/bSrtaarncth-ihneagd s/C5h30r4o@{m#e94D2}r)i ovne pro r1t 03738.202.
5O3nl0y 4l.oc6al2  co(n1neecteicon4s0 adr3e aa5l7l6o4we8d8.1
cP9le2a0se8 s5eae ahetet6ps://6cdh2ro5me0d7r5ic1ve59r.aach-rroemfis/ubmr.oarncgh/-sehecuardist/y5-3c0o4@n{s#i9d42e}r) aotni poonrts 4 4f86o0r
 Osnluyg lgoecsalt icoonnnse ctoino nkeepisn ga rCeh raomlelDoriwveerd .saf
eP.l
ease see https://chromedriver.chromium.org/security-considerations for suggestions on keeping ChromeDriver safe.
ChromeDriver was started successfully.
ChromeDriver was started successfully.
nov 06, 2022 9:43:43 PM org.openqa.selenium.remote.ProtocolHandshake createSession
INFORMACIÓN: Detected dialect: W3C
nov 06, 2022 9:43:43 PM org.openqa.selenium.remote.ProtocolHandshake createSession
INFORMACIÓN: Detected dialect: W3C
]]></system-err>
  </testcase>
  <testcase name="runScenario[&quot;Comprar solo un producto&quot;, &quot;Comprar articulo con una tarjeta de Credito&quot;](1)" classname="Support.runTest" time="0.661">
    <system-err><![CDATA[Starting Microsoft Edge WebDriver 107.0.1418.35 (806ca5c53c4f7495ba45feaf2b3355caf96d7f74) on port 3166
To submit feedback, report a bug, or suggest new features, please visit https://github.com/MicrosoftEdge/EdgeWebDriver

Only local connections are allowed.
Please see https://aka.ms/WebDriverSecurity for suggestions on keeping Microsoft Edge WebDriver safe.

]]></system-err>
  </testcase>
  <testcase name="runScenario[&quot;Comprar solo un producto&quot;, &quot;Comprar articulo con una tarjeta de Credito&quot;](1)" classname="Support.runTest" time="16.509">
    <system-out><![CDATA[
3 Scenarios (&amp#27;[32m3 passed&amp#27;[0m)
21 Steps (&amp#27;[32m21 passed&amp#27;[0m)
1m30,315s


]]></system-out>
    <system-err><![CDATA[1667785510252	RemoteAgent	WARN	TLS certificate errors will be ignored for this session
console.warn: SearchSettings: "get: No settings file exists, new profile?" (new NotFoundError("Could not open the file at C:\\Users\\MARCO\\AppData\\Local\\Temp\\rust_mozprofilenfjfXs\\search.json.mozlz4", (void 0)))
nov 06, 2022 9:45:12 PM org.openqa.selenium.remote.ProtocolHandshake createSession
INFORMACIÓN: Detected dialect: W3C
JavaScript warning: https://pagead2.googlesyndication.com/bg/HZrunHRjvTX5MIeL6Ibl7iJKqMmAAzHWmbkaKM7M3x0.js line 2 > eval line 7773 > eval line 1 > eval line 1 > eval, line 1: WEBGL_debug_renderer_info is deprecated in Firefox and will be removed. Please use RENDERER.
JavaScript error: , line 0: TypeError: NetworkError when attempting to fetch resource.
console.warn: LoginRecipes: "Falling back to a synchronous message for: https://demo.guru99.com."
1667785522668	Marionette	INFO	Stopped listening on port 64480
]]></system-err>
  </testcase>
  <testcase name="runScenario[&quot;Cuando Realizo una compra de productos&quot;, &quot;Comprar articulo con una tarjeta de Credito&quot;](2)" classname="Support.runTest" time="27.013">
    <failure message="unexpected alert open: {Alert text : Check card number is 16 digits!}&#10;  (Session info: chrome=107.0.5304.88): Check card number is 16 digits!&#10;Build info: version: &apos;3.141.59&apos;, revision: &apos;e82be7d358&apos;, time: &apos;2018-11-14T08:17:03&apos;&#10;System info: host: &apos;DESKTOP-T84OJOU&apos;, ip: &apos;192.168.0.13&apos;, os.name: &apos;Windows 8.1&apos;, os.arch: &apos;amd64&apos;, os.version: &apos;6.3&apos;, java.version: &apos;1.8.0_31&apos;&#10;Driver info: org.openqa.selenium.chrome.ChromeDriver&#10;Capabilities {acceptInsecureCerts: false, browserName: chrome, browserVersion: 107.0.5304.88, chrome: {chromedriverVersion: 107.0.5304.62 (1eec40d3a576..., userDataDir: C:\Users\MARCO\AppData\Loca...}, goog:chromeOptions: {debuggerAddress: localhost:63985}, javascriptEnabled: true, networkConnectionEnabled: false, pageLoadStrategy: normal, platform: WINDOWS, platformName: WINDOWS, proxy: Proxy(), setWindowRect: true, strictFileInteractability: false, timeouts: {implicit: 0, pageLoad: 300000, script: 30000}, unhandledPromptBehavior: dismiss and notify, webauthn:extension:credBlob: true, webauthn:extension:largeBlob: true, webauthn:virtualAuthenticators: true}&#10;Session ID: 9ee6246fef24d6a9ba81326aa1e343b0&#10;*** Element info: {Using=xpath, value=//h2[1]}" type="org.openqa.selenium.UnhandledAlertException"><![CDATA[org.openqa.selenium.UnhandledAlertException: 
unexpected alert open: {Alert text : Check card number is 16 digits!}
  (Session info: chrome=107.0.5304.88): Check card number is 16 digits!
Build info: version: '3.141.59', revision: 'e82be7d358', time: '2018-11-14T08:17:03'
System info: host: 'DESKTOP-T84OJOU', ip: '192.168.0.13', os.name: 'Windows 8.1', os.arch: 'amd64', os.version: '6.3', java.version: '1.8.0_31'
Driver info: org.openqa.selenium.chrome.ChromeDriver
Capabilities {acceptInsecureCerts: false, browserName: chrome, browserVersion: 107.0.5304.88, chrome: {chromedriverVersion: 107.0.5304.62 (1eec40d3a576..., userDataDir: C:\Users\MARCO\AppData\Loca...}, goog:chromeOptions: {debuggerAddress: localhost:63985}, javascriptEnabled: true, networkConnectionEnabled: false, pageLoadStrategy: normal, platform: WINDOWS, platformName: WINDOWS, proxy: Proxy(), setWindowRect: true, strictFileInteractability: false, timeouts: {implicit: 0, pageLoad: 300000, script: 30000}, unhandledPromptBehavior: dismiss and notify, webauthn:extension:credBlob: true, webauthn:extension:largeBlob: true, webauthn:virtualAuthenticators: true}
Session ID: 9ee6246fef24d6a9ba81326aa1e343b0
*** Element info: {Using=xpath, value=//h2[1]}
]]></failure>
    <system-out><![CDATA[totalCalculado= 20.0  totalDesplegado= 20.0
totalCalculado= 20.0  totalDesplegado= 20.0
]]></system-out>
    <system-err><![CDATA[Starting ChromeDriver 107.0.5304.62 (1eec40d3a5764881c92085aaee66d25075c159aa-refs/branch-heads/5304@{#942}) on port 31168
Only local connections are allowed.
Please see https://chromedriver.chromium.org/security-considerations for suggestions on keeping ChromeDriver safe.
ChromeDriver was started successfully.
Microsoft Edge WebDriver was started successfully.
nov 06, 2022 9:44:08 PM org.openqa.selenium.remote.ProtocolHandshake createSession
INFORMACIÓN: Detected dialect: W3C
nov 06, 2022 9:44:10 PM org.openqa.selenium.remote.ProtocolHandshake createSession
INFORMACIÓN: Detected dialect: W3C
]]></system-err>
  </testcase>
  <testcase name="runScenario[&quot;Cuando Realizo una compra de productos&quot;, &quot;Comprar articulo con una tarjeta de Credito&quot;](2)" classname="Support.runTest" time="4.83">
    <system-err><![CDATA[Starting ChromeDriver 107.0.5304.62 (1eec40d3a5764881c92085aaee66d25075c159aa-refs/branch-heads/5304@{#942}) on port 10524
Only local connections are allowed.
Please see https://chromedriver.chromium.org/security-considerations for suggestions on keeping ChromeDriver safe.
ChromeDriver was started successfully.
nov 06, 2022 9:44:35 PM org.openqa.selenium.remote.ProtocolHandshake createSession
INFORMACIÓN: Detected dialect: W3C
]]></system-err>
  </testcase>
  <testcase name="runScenario[&quot;Cuando Realizo una compra de productos&quot;, &quot;Comprar articulo con una tarjeta de Credito&quot;](2)" classname="Support.runTest" time="23.942">
    <system-out><![CDATA[totalCalculado= 20.0  totalDesplegado= 20.0
]]></system-out>
    <system-err><![CDATA[1667785524334	geckodriver	INFO	Listening on 127.0.0.1:39017
1667785524842	mozrunner::runner	INFO	Running command: "C:\\Program Files\\Mozilla Firefox\\firefox.exe" "--marionette" "-no-remote" "-profile" "C:\\Users\\MARCO\\AppData\\Local\\Temp\\rust_mozprofile943Mnl"
1667785525458	Marionette	INFO	Marionette enabled
1667785525466	Marionette	INFO	Listening on port 64622
Read port: 64622
1667785525988	RemoteAgent	WARN	TLS certificate errors will be ignored for this session
console.warn: SearchSettings: "get: No settings file exists, new profile?" (new NotFoundError("Could not open the file at C:\\Users\\MARCO\\AppData\\Local\\Temp\\rust_mozprofile943Mnl\\search.json.mozlz4", (void 0)))
nov 06, 2022 9:45:28 PM org.openqa.selenium.remote.ProtocolHandshake createSession
INFORMACIÓN: Detected dialect: W3C
JavaScript warning: https://pagead2.googlesyndication.com/bg/HZrunHRjvTX5MIeL6Ibl7iJKqMmAAzHWmbkaKM7M3x0.js line 2 > eval line 7130 > eval line 1 > eval line 1 > eval, line 1: WEBGL_debug_renderer_info is deprecated in Firefox and will be removed. Please use RENDERER.
JavaScript warning: https://pagead2.googlesyndication.com/bg/HZrunHRjvTX5MIeL6Ibl7iJKqMmAAzHWmbkaKM7M3x0.js line 2 > eval line 1399 > eval line 1 > eval line 1 > eval, line 1: WEBGL_debug_renderer_info is deprecated in Firefox and will be removed. Please use RENDERER.
console.warn: LoginRecipes: "Falling back to a synchronous message for: https://demo.guru99.com."
JavaScript warning: https://pagead2.googlesyndication.com/bg/HZrunHRjvTX5MIeL6Ibl7iJKqMmAAzHWmbkaKM7M3x0.js line 2 > eval line 6323 > eval line 1 > eval line 1 > eval, line 1: WEBGL_debug_renderer_info is deprecated in Firefox and will be removed. Please use RENDERER.
console.warn: LoginRecipes: "Falling back to a synchronous message for: https://demo.guru99.com."
JavaScript warning: https://pagead2.googlesyndication.com/bg/HZrunHRjvTX5MIeL6Ibl7iJKqMmAAzHWmbkaKM7M3x0.js line 2 > eval line 6173 > eval line 1 > eval line 1 > eval, line 1: WEBGL_debug_renderer_info is deprecated in Firefox and will be removed. Please use RENDERER.
JavaScript warning: https://pagead2.googlesyndication.com/bg/HZrunHRjvTX5MIeL6Ibl7iJKqMmAAzHWmbkaKM7M3x0.js line 2 > eval line 2151 > eval line 1 > eval line 1 > eval, line 1: WEBGL_debug_renderer_info is deprecated in Firefox and will be removed. Please use RENDERER.
1667785546234	Marionette	INFO	Stopped listening on port 64622
]]></system-err>
  </testcase>
  <testcase name="runScenario[&quot;Cuando Realizo una compra de productos&quot;, &quot;Comprar articulo con una tarjeta de Credito&quot;](3)" classname="Support.runTest" time="29.574">
    <system-out><![CDATA[totalCalculado= 80.0  totalDesplegado= 80.0
totalCalculado= 80.0  totalDesplegado= 80.0
]]></system-out>
    <system-err><![CDATA[Starting Microsoft Edge WebDriver 107.0.1418.35 (806ca5c53c4f7495ba45feaf2b3355caf96d7f74) on port 14849
To submit feedback, report a bug, or suggest new features, please visit https://github.com/MicrosoftEdge/EdgeWebDriver

Only local connections are allowed.
Please see https://aka.ms/WebDriverSecurity for suggestions on keeping Microsoft Edge WebDriver safe.

Microsoft Edge WebDriver was started successfully.
nov 06, 2022 9:44:41 PM org.openqa.selenium.remote.ProtocolHandshake createSession
INFORMACIÓN: Detected dialect: W3C
]]></system-err>
  </testcase>
  <testcase name="runScenario[&quot;Cuando Realizo una compra de productos&quot;, &quot;Comprar articulo con una tarjeta de Credito&quot;](3)" classname="Support.runTest" time="2.186">
    <system-out><![CDATA[
&amp#27;[31mFailed scenarios:&amp#27;[0m
&amp#27;[31mfile:///D:/Banco%20Fassil/Practica%20Selenium/src/test/resources/features/carrito.feature:26&amp#27;[0m# Cuando Realizo una compra de productos

3 Scenarios (&amp#27;[31m1 failed&amp#27;[0m, &amp#27;[32m2 passed&amp#27;[0m)
21 Steps (&amp#27;[31m1 failed&amp#27;[0m, &amp#27;[32m20 passed&amp#27;[0m)
1m27,947s


org.openqa.selenium.UnhandledAlertException: unexpected alert open: {Alert text : Check card number is 16 digits!}
  (Session info: chrome=107.0.5304.88): Check card number is 16 digits!
Build info: version: '3.141.59', revision: 'e82be7d358', time: '2018-11-14T08:17:03'
System info: host: 'DESKTOP-T84OJOU', ip: '192.168.0.13', os.name: 'Windows 8.1', os.arch: 'amd64', os.version: '6.3', java.version: '1.8.0_31'
Driver info: org.openqa.selenium.chrome.ChromeDriver
Capabilities {acceptInsecureCerts: false, browserName: chrome, browserVersion: 107.0.5304.88, chrome: {chromedriverVersion: 107.0.5304.62 (1eec40d3a576..., userDataDir: C:\Users\MARCO\AppData\Loca...}, goog:chromeOptions: {debuggerAddress: localhost:63985}, javascriptEnabled: true, networkConnectionEnabled: false, pageLoadStrategy: normal, platform: WINDOWS, platformName: WINDOWS, proxy: Proxy(), setWindowRect: true, strictFileInteractability: false, timeouts: {implicit: 0, pageLoad: 300000, script: 30000}, unhandledPromptBehavior: dismiss and notify, webauthn:extension:credBlob: true, webauthn:extension:largeBlob: true, webauthn:virtualAuthenticators: true}
Session ID: 9ee6246fef24d6a9ba81326aa1e343b0
*** Element info: {Using=xpath, value=//h2[1]}
	at org.openqa.selenium.remote.http.W3CHttpResponseCodec.decode(W3CHttpResponseCodec.java:120)
	at org.openqa.selenium.remote.http.W3CHttpResponseCodec.decode(W3CHttpResponseCodec.java:49)
	at org.openqa.selenium.remote.HttpCommandExecutor.execute(HttpCommandExecutor.java:158)
	at org.openqa.selenium.remote.service.DriverCommandExecutor.execute(DriverCommandExecutor.java:83)
	at org.openqa.selenium.remote.RemoteWebDriver.execute(RemoteWebDriver.java:552)
	at org.openqa.selenium.remote.RemoteWebDriver.findElement(RemoteWebDriver.java:323)
	at org.openqa.selenium.remote.RemoteWebDriver.findElementByXPath(RemoteWebDriver.java:428)
	at org.openqa.selenium.By$ByXPath.findElement(By.java:353)
	at org.openqa.selenium.remote.RemoteWebDriver.findElement(RemoteWebDriver.java:315)
	at Support.Control.findControl(Control.java:31)
	at Support.Control.isEquals(Control.java:42)
	at PageObjects.CapturarRegistroCompraPage.leerPagoExitoso(CapturarRegistroCompraPage.java:9)
	at Definitions.CarritoDefinitions.validoElPagoExitoso(CarritoDefinitions.java:89)
	at ?.Valido el pago exitoso "Payment successfull!"(file:///D:/Banco%20Fassil/Practica%20Selenium/src/test/resources/features/carrito.feature:23)

java.lang.NullPointerException
	at Definitions.Hooks.tearDown(Hooks.java:53)


]]></system-out>
    <system-err><![CDATA[nov 06, 2022 9:45:07 PM io.cucumber.core.options.CucumberPropertiesParser parse
ADVERTENCIA: Passing commandline options via the property `cucumber.options` has been deprecatedin favour of explicitly using property names.
Please use these instead: [cucumber.ansi-colors.disabled, cucumber.execution.dry-run, cucumber.execution.limit, cucumber.execution.order, cucumber.execution.strict, cucumber.execution.wip, cucumber.features, cucumber.filter.name, cucumber.filter.tags, cucumber.glue, cucumber.object-factory, cucumber.plugin, cucumber.snippet-type]
nov 06, 2022 9:45:07 PM io.cucumber.testng.TestNGCucumberRunner <init>
ADVERTENCIA: By default Cucumber is running in --non-strict mode.
This default will change to --strict and --non-strict will be removed.
You can use --strict or @CucumberOptions(strict = true) to suppress this warning
1667785507870	geckodriver	INFO	Listening on 127.0.0.1:8969
1667785508409	mozrunner::runner	INFO	Running command: "C:\\Program Files\\Mozilla Firefox\\firefox.exe" "--marionette" "-no-remote" "-profile" "C:\\Users\\MARCO\\AppData\\Local\\Temp\\rust_mozprofilenfjfXs"
1667785509598	Marionette	INFO	Marionette enabled
1667785509606	Marionette	INFO	Listening on port 64480
Read port: 64480
]]></system-err>
  </testcase>
  <testcase name="runScenario[&quot;Cuando Realizo una compra de productos&quot;, &quot;Comprar articulo con una tarjeta de Credito&quot;](3)" classname="Support.runTest" time="24.554">
    <system-out><![CDATA[totalCalculado= 80.0  totalDesplegado= 80.0
]]></system-out>
    <system-err><![CDATA[1667785548320	geckodriver	INFO	Listening on 127.0.0.1:15555
1667785548839	mozrunner::runner	INFO	Running command: "C:\\Program Files\\Mozilla Firefox\\firefox.exe" "--marionette" "-no-remote" "-profile" "C:\\Users\\MARCO\\AppData\\Local\\Temp\\rust_mozprofileuekwaG"
1667785549463	Marionette	INFO	Marionette enabled
1667785549469	Marionette	INFO	Listening on port 64821
Read port: 64821
1667785549917	RemoteAgent	WARN	TLS certificate errors will be ignored for this session
console.warn: SearchSettings: "get: No settings file exists, new profile?" (new NotFoundError("Could not open the file at C:\\Users\\MARCO\\AppData\\Local\\Temp\\rust_mozprofileuekwaG\\search.json.mozlz4", (void 0)))
nov 06, 2022 9:45:52 PM org.openqa.selenium.remote.ProtocolHandshake createSession
INFORMACIÓN: Detected dialect: W3C
JavaScript warning: https://pagead2.googlesyndication.com/bg/HZrunHRjvTX5MIeL6Ibl7iJKqMmAAzHWmbkaKM7M3x0.js line 2 > eval line 3384 > eval line 1 > eval line 1 > eval, line 1: WEBGL_debug_renderer_info is deprecated in Firefox and will be removed. Please use RENDERER.
JavaScript warning: https://pagead2.googlesyndication.com/bg/HZrunHRjvTX5MIeL6Ibl7iJKqMmAAzHWmbkaKM7M3x0.js line 2 > eval line 6852 > eval line 1 > eval line 1 > eval, line 1: WEBGL_debug_renderer_info is deprecated in Firefox and will be removed. Please use RENDERER.
JavaScript warning: https://pagead2.googlesyndication.com/bg/HZrunHRjvTX5MIeL6Ibl7iJKqMmAAzHWmbkaKM7M3x0.js line 2 > eval line 1005 > eval line 1 > eval line 1 > eval, line 1: WEBGL_debug_renderer_info is deprecated in Firefox and will be removed. Please use RENDERER.
console.warn: LoginRecipes: "Falling back to a synchronous message for: https://demo.guru99.com."
JavaScript warning: https://pagead2.googlesyndication.com/bg/HZrunHRjvTX5MIeL6Ibl7iJKqMmAAzHWmbkaKM7M3x0.js line 2 > eval line 4950 > eval line 1 > eval line 1 > eval, line 1: WEBGL_debug_renderer_info is deprecated in Firefox and will be removed. Please use RENDERER.
JavaScript warning: https://pagead2.googlesyndication.com/bg/HZrunHRjvTX5MIeL6Ibl7iJKqMmAAzHWmbkaKM7M3x0.js line 2 > eval line 5270 > eval line 1 > eval line 1 > eval, line 1: WEBGL_debug_renderer_info is deprecated in Firefox and will be removed. Please use RENDERER.
console.warn: LoginRecipes: "Falling back to a synchronous message for: https://demo.guru99.com."
JavaScript warning: https://pagead2.googlesyndication.com/bg/HZrunHRjvTX5MIeL6Ibl7iJKqMmAAzHWmbkaKM7M3x0.js line 2 > eval line 4521 > eval line 1 > eval line 1 > eval, line 1: WEBGL_debug_renderer_info is deprecated in Firefox and will be removed. Please use RENDERER.
1667785571084	Marionette	INFO	Stopped listening on port 64821
]]></system-err>
  </testcase>
</testsuite>