<?xml version="1.0" encoding="UTF-8"?>
<!-- Generated by org.testng.reporters.JUnitReportReporter -->
<testsuite skipped="0" hostname="DESKTOP-T84OJOU" name="Support.runTest" tests="3" failures="0" timestamp="2022-11-06T21:46:12 BOT" time="65.035" errors="0">
  <testcase name="runScenario" time="23.958" classname="Support.runTest"/>
  <system-out/>
  <testcase name="runScenario" time="24.518" classname="Support.runTest"/>
  <system-out/>
  <testcase name="runScenario" time="16.559" classname="Support.runTest"/>
  <system-out/>
</testsuite> <!-- Support.runTest -->
